  PathFindingState.cpp
D:\Program Files (x86)\GitHub\Path-planning\PathFindingState.cpp(134,50): warning C4244: "=": konwersja z "float" do "T", możliwa utrata danych
          with
          [
              T=unsigned int
          ]
D:\Program Files (x86)\GitHub\Path-planning\PathFindingState.cpp(135,50): warning C4244: "=": konwersja z "float" do "T", możliwa utrata danych
          with
          [
              T=unsigned int
          ]
D:\Program Files (x86)\GitHub\Path-planning\PathFindingState.cpp(150,71): warning C4244: "argument": konwersja z "T" do "T", możliwa utrata danych
          with
          [
              T=int
          ]
          and
          [
              T=float
          ]
D:\Program Files (x86)\GitHub\Path-planning\PathFindingState.cpp(150,36): warning C4244: "argument": konwersja z "T" do "T", możliwa utrata danych
          with
          [
              T=int
          ]
          and
          [
              T=float
          ]
  Grubstwo.vcxproj -> D:\Program Files (x86)\GitHub\Path-planning\x64\Debug\Grubstwo.exe
